  [4;35;1mSQL (0.1ms)[0m   [0mSET NAMES 'utf8'[0m
  [4;36;1mSQL (0.1ms)[0m   [0;1mSET SQL_AUTO_IS_NULL=0[0m


Processing ProjectsController#rules (for 127.0.0.1 at 2009-11-26 21:50:31) [POST]
  Parameters: {"commit"=>"Salvar", "rules"=>["15", "16", ""], "action"=>"rules", "id"=>"mestrado", "controller"=>"projects"}
  [4;35;1mSetting Columns (0.8ms)[0m   [0mSHOW FIELDS FROM `settings`[0m
  [4;36;1mSQL (0.1ms)[0m   [0;1mSELECT max(`settings`.updated_on) AS max_updated_on FROM `settings` [0m
  [4;35;1mUser Columns (0.9ms)[0m   [0mSHOW FIELDS FROM `users`[0m
  [4;36;1mUser Load (0.1ms)[0m   [0;1mSELECT * FROM `users` WHERE (`users`.`id` = 1) AND (users.status = 1) [0m
  [4;35;1mProject Columns (0.9ms)[0m   [0mSHOW FIELDS FROM `projects`[0m
  [4;36;1mProject Load (0.1ms)[0m   [0;1mSELECT * FROM `projects` WHERE (`projects`.`identifier` = 'mestrado') LIMIT 1[0m
  [4;35;1mEnabledModule Load (0.2ms)[0m   [0mSELECT * FROM `enabled_modules` WHERE (`enabled_modules`.project_id = 3) [0m
  [4;36;1mEnabledModule Columns (0.6ms)[0m   [0;1mSHOW FIELDS FROM `enabled_modules`[0m
  [4;35;1mMutualRule Columns (0.7ms)[0m   [0mSHOW FIELDS FROM `mutual_rules`[0m
  [4;36;1mSQL (0.3ms)[0m   [0;1mSELECT count(*) AS count_all FROM `mutual_rules` WHERE (rule_one_id='15' and rule_two_id in ('15','16','')) [0m
Redirected to tabrulesidProjeto do Mestradoactionsettings
Completed in 53ms (DB: 5) | 302 Found [http://localhost/projects/rules/mestrado]
  [4;35;1mSQL (0.1ms)[0m   [0mSET NAMES 'utf8'[0m
  [4;36;1mSQL (0.1ms)[0m   [0;1mSET SQL_AUTO_IS_NULL=0[0m


Processing ProjectsController#settings (for 127.0.0.1 at 2009-11-26 21:50:33) [GET]
  Parameters: {"action"=>"settings", "id"=>"mestrado", "controller"=>"projects", "tab"=>"rules"}
  [4;35;1mSetting Columns (0.7ms)[0m   [0mSHOW FIELDS FROM `settings`[0m
  [4;36;1mSQL (0.1ms)[0m   [0;1mSELECT max(`settings`.updated_on) AS max_updated_on FROM `settings` [0m
  [4;35;1mUser Columns (0.8ms)[0m   [0mSHOW FIELDS FROM `users`[0m
  [4;36;1mUser Load (0.1ms)[0m   [0;1mSELECT * FROM `users` WHERE (`users`.`id` = 1) AND (users.status = 1) [0m
  [4;35;1mProject Columns (0.9ms)[0m   [0mSHOW FIELDS FROM `projects`[0m
  [4;36;1mProject Load (0.1ms)[0m   [0;1mSELECT * FROM `projects` WHERE (`projects`.`identifier` = 'mestrado') LIMIT 1[0m
  [4;35;1mEnabledModule Load (0.1ms)[0m   [0mSELECT * FROM `enabled_modules` WHERE (`enabled_modules`.project_id = 3) [0m
  [4;36;1mEnabledModule Columns (0.6ms)[0m   [0;1mSHOW FIELDS FROM `enabled_modules`[0m
  [4;35;1mIssueCustomField Columns (1.0ms)[0m   [0mSHOW FIELDS FROM `custom_fields`[0m
  [4;36;1mIssueCustomField Load (0.1ms)[0m   [0;1mSELECT * FROM `custom_fields` WHERE ( (`custom_fields`.`type` = 'IssueCustomField' ) ) ORDER BY custom_fields.position[0m
  [4;35;1mIssueCategory Columns (0.6ms)[0m   [0mSHOW FIELDS FROM `issue_categories`[0m
  [4;36;1mMember Columns (0.7ms)[0m   [0;1mSHOW FIELDS FROM `members`[0m
  [4;35;1mTracker Load (0.1ms)[0m   [0mSELECT * FROM `trackers` ORDER BY position[0m
  [4;36;1mRepository Load (0.1ms)[0m   [0;1mSELECT * FROM `repositories` WHERE (`repositories`.project_id = 3) LIMIT 1[0m
  [4;35;1mRepository Columns (0.7ms)[0m   [0mSHOW FIELDS FROM `repositories`[0m
  [4;36;1mWiki Load (0.1ms)[0m   [0;1mSELECT * FROM `wikis` WHERE (`wikis`.project_id = 3) LIMIT 1[0m
Rendering template within layouts/base
Rendering projects/settings
  [4;35;1mProject Load (0.1ms)[0m   [0mSELECT * FROM `projects` WHERE (projects.status = 1) [0m
  [4;36;1mProject Load (0.1ms)[0m   [0;1mSELECT * FROM `projects` WHERE (projects.`lft` >= 3 AND projects.`rgt` <= 4) ORDER BY `lft`[0m
  [4;35;1mSetting Load (0.1ms)[0m   [0mSELECT * FROM `settings` WHERE (`settings`.`name` = 'text_formatting') LIMIT 1[0m
  [4;36;1mCustomField Load (0.1ms)[0m   [0;1mSELECT * FROM `custom_fields` WHERE (type = 'ProjectCustomField') ORDER BY position[0m
  [4;35;1mTracker Columns (0.7ms)[0m   [0mSHOW FIELDS FROM `trackers`[0m
  [4;36;1mTracker Exists (0.1ms)[0m   [0;1mSELECT `trackers`.id FROM `trackers` INNER JOIN `projects_trackers` ON `trackers`.id = `projects_trackers`.tracker_id WHERE (`trackers`.`id` = 13) AND (`projects_trackers`.project_id = 3 ) ORDER BY trackers.position LIMIT 1[0m
  [4;35;1mTracker Exists (0.1ms)[0m   [0mSELECT `trackers`.id FROM `trackers` INNER JOIN `projects_trackers` ON `trackers`.id = `projects_trackers`.tracker_id WHERE (`trackers`.`id` = 14) AND (`projects_trackers`.project_id = 3 ) ORDER BY trackers.position LIMIT 1[0m
  [4;36;1mTracker Exists (0.1ms)[0m   [0;1mSELECT `trackers`.id FROM `trackers` INNER JOIN `projects_trackers` ON `trackers`.id = `projects_trackers`.tracker_id WHERE (`trackers`.`id` = 15) AND (`projects_trackers`.project_id = 3 ) ORDER BY trackers.position LIMIT 1[0m
  [4;35;1mTracker Exists (0.1ms)[0m   [0mSELECT `trackers`.id FROM `trackers` INNER JOIN `projects_trackers` ON `trackers`.id = `projects_trackers`.tracker_id WHERE (`trackers`.`id` = 16) AND (`projects_trackers`.project_id = 3 ) ORDER BY trackers.position LIMIT 1[0m
Rendered projects/_form (22.7ms)
Rendered projects/_edit (164.4ms)
Rendered projects/settings/_modules (5.3ms)
  [4;36;1mRole Load (0.1ms)[0m   [0;1mSELECT * FROM `roles` WHERE (`roles`.`builtin` = 0) ORDER BY position[0m
  [4;35;1mRole Columns (0.8ms)[0m   [0mSHOW FIELDS FROM `roles`[0m
  [4;36;1mMember Load Including Associations (0.1ms)[0m   [0;1mSELECT `members`.`id` AS t0_r0, `members`.`user_id` AS t0_r1, `members`.`project_id` AS t0_r2, `members`.`created_on` AS t0_r3, `members`.`mail_notification` AS t0_r4, `roles`.`id` AS t1_r0, `roles`.`name` AS t1_r1, `roles`.`position` AS t1_r2, `roles`.`assignable` AS t1_r3, `roles`.`builtin` AS t1_r4, `roles`.`permissions` AS t1_r5, `users`.`id` AS t2_r0, `users`.`login` AS t2_r1, `users`.`hashed_password` AS t2_r2, `users`.`firstname` AS t2_r3, `users`.`lastname` AS t2_r4, `users`.`mail` AS t2_r5, `users`.`mail_notification` AS t2_r6, `users`.`admin` AS t2_r7, `users`.`status` AS t2_r8, `users`.`last_login_on` AS t2_r9, `users`.`language` AS t2_r10, `users`.`auth_source_id` AS t2_r11, `users`.`created_on` AS t2_r12, `users`.`updated_on` AS t2_r13, `users`.`type` AS t2_r14, `users`.`identity_url` AS t2_r15 FROM `members` LEFT OUTER JOIN `member_roles` ON (`members`.`id` = `member_roles`.`member_id`) LEFT OUTER JOIN `roles` ON (`roles`.`id` = `member_roles`.`role_id`) LEFT OUTER JOIN `users` ON `users`.id = `members`.user_id WHERE (`members`.project_id = 3 AND (users.status=1)) [0m
  [4;35;1mSetting Load (0.1ms)[0m   [0mSELECT * FROM `settings` WHERE (`settings`.`name` = 'user_format') LIMIT 1[0m
  [4;36;1mSQL (0.1ms)[0m   [0;1mSELECT count(*) AS count_all FROM `users` WHERE (users.status = 1) [0m
  [4;35;1mSQL (0.1ms)[0m   [0mSELECT count(*) AS count_all FROM `users` INNER JOIN members ON users.id = members.user_id WHERE ((`members`.project_id = 3) AND ((users.status=1))) [0m
  [4;36;1mUser Load (0.1ms)[0m   [0;1mSELECT * FROM `users` WHERE (users.status = 1) LIMIT 200[0m
  [4;35;1mUser Load (0.1ms)[0m   [0mSELECT `users`.* FROM `users` INNER JOIN members ON users.id = members.user_id WHERE ((`members`.project_id = 3) AND ((users.status=1))) [0m
Rendered projects/settings/_members (43.3ms)
  [4;36;1mVersion Columns (0.9ms)[0m   [0;1mSHOW FIELDS FROM `versions`[0m
  [4;35;1mSQL (0.1ms)[0m   [0mSELECT count(*) AS count_all FROM `versions` WHERE (`versions`.project_id = 3) [0m
  [4;36;1mVersion Load (0.1ms)[0m   [0;1mSELECT * FROM `versions` WHERE (`versions`.project_id = 3) ORDER BY versions.effective_date DESC, versions.name DESC[0m
Rendered projects/settings/_versions (15.2ms)
  [4;35;1mRule Load (0.1ms)[0m   [0mSELECT * FROM `rules` [0m
  [4;36;1mRule Load (0.2ms)[0m   [0;1mSELECT `rules`.id FROM `rules` INNER JOIN project_rules ON rules.id = project_rules.rule_id WHERE ((`project_rules`.project_id = 3)) [0m
  [4;35;1mRule Columns (0.7ms)[0m   [0mSHOW FIELDS FROM `rules`[0m
Rendered projects/settings/_rules (28.0ms)
  [4;36;1mSQL (0.1ms)[0m   [0;1mSELECT count(*) AS count_all FROM `issue_categories` WHERE (`issue_categories`.project_id = 3) [0m
  [4;35;1mIssueCategory Load (0.1ms)[0m   [0mSELECT * FROM `issue_categories` WHERE (`issue_categories`.project_id = 3) ORDER BY issue_categories.name[0m
Rendered projects/settings/_issue_categories (5.6ms)
  [4;36;1mWiki Columns (0.8ms)[0m   [0;1mSHOW FIELDS FROM `wikis`[0m
Rendered projects/settings/_wiki (6.0ms)
  [4;35;1mSetting Load (0.1ms)[0m   [0mSELECT * FROM `settings` WHERE (`settings`.`name` = 'enabled_scm') LIMIT 1[0m
  [4;36;1mRepository::Git Columns (0.8ms)[0m   [0;1mSHOW FIELDS FROM `repositories`[0m
Rendered projects/settings/_repository (10.3ms)
  [4;35;1mBoard Columns (0.9ms)[0m   [0mSHOW FIELDS FROM `boards`[0m
  [4;36;1mSQL (0.1ms)[0m   [0;1mSELECT count(*) AS count_all FROM `boards` WHERE (`boards`.project_id = 3) [0m
Rendered projects/settings/_boards (129.1ms)
  [4;35;1mSetting Load (0.1ms)[0m   [0mSELECT * FROM `settings` WHERE (`settings`.`name` = 'app_title') LIMIT 1[0m
  [4;36;1mSetting Load (0.2ms)[0m   [0;1mSELECT * FROM `settings` WHERE (`settings`.`name` = 'ui_theme') LIMIT 1[0m
  [4;35;1mProject Load (0.2ms)[0m   [0mSELECT `projects`.* FROM `projects` INNER JOIN members ON projects.id = members.project_id WHERE ((`members`.user_id = 1) AND ((projects.status=1))) [0m
Completed in 1061ms (View: 987, DB: 7) | 200 OK [http://localhost/projects/mestrado/settings/rules]
  [4;36;1mSQL (0.1ms)[0m   [0;1mSET NAMES 'utf8'[0m
  [4;35;1mSQL (0.3ms)[0m   [0mSET SQL_AUTO_IS_NULL=0[0m


Processing ApplicationController#index (for 127.0.0.1 at 2009-11-26 21:50:35) [GET]


ActionController::RoutingError (No route matches "/javascripts/jstoolbar/lang/jstoolbar-pt-BR.js" with {:method=>:get}):
    /var/lib/gems/1.8/gems/actionpack-2.2.2/lib/action_controller/routing/recognition_optimisation.rb:66:in `recognize_path'
    /var/lib/gems/1.8/gems/actionpack-2.2.2/lib/action_controller/routing/route_set.rb:386:in `recognize'
    /var/lib/gems/1.8/gems/actionpack-2.2.2/lib/action_controller/dispatcher.rb:182:in `handle_request'
    /var/lib/gems/1.8/gems/actionpack-2.2.2/lib/action_controller/dispatcher.rb:110:in `dispatch_unlocked'
    /var/lib/gems/1.8/gems/actionpack-2.2.2/lib/action_controller/dispatcher.rb:123:in `dispatch'
    /var/lib/gems/1.8/gems/actionpack-2.2.2/lib/action_controller/dispatcher.rb:122:in `synchronize'
    /var/lib/gems/1.8/gems/actionpack-2.2.2/lib/action_controller/dispatcher.rb:122:in `dispatch'
    /var/lib/gems/1.8/gems/actionpack-2.2.2/lib/action_controller/dispatcher.rb:132:in `dispatch_cgi'
    /var/lib/gems/1.8/gems/actionpack-2.2.2/lib/action_controller/dispatcher.rb:39:in `dispatch'
    /var/lib/gems/1.8/gems/rails-2.2.2/lib/webrick_server.rb:103:in `handle_dispatch'
    /var/lib/gems/1.8/gems/rails-2.2.2/lib/webrick_server.rb:74:in `service'
    /usr/lib/ruby/1.8/webrick/httpserver.rb:104:in `service'
    /usr/lib/ruby/1.8/webrick/httpserver.rb:65:in `run'
    /usr/lib/ruby/1.8/webrick/server.rb:173:in `start_thread'
    /usr/lib/ruby/1.8/webrick/server.rb:162:in `start'
    /usr/lib/ruby/1.8/webrick/server.rb:162:in `start_thread'
    /usr/lib/ruby/1.8/webrick/server.rb:95:in `start'
    /usr/lib/ruby/1.8/webrick/server.rb:92:in `each'
    /usr/lib/ruby/1.8/webrick/server.rb:92:in `start'
    /usr/lib/ruby/1.8/webrick/server.rb:23:in `start'
    /usr/lib/ruby/1.8/webrick/server.rb:82:in `start'
    /var/lib/gems/1.8/gems/rails-2.2.2/lib/webrick_server.rb:60:in `dispatch'
    /var/lib/gems/1.8/gems/rails-2.2.2/lib/commands/servers/webrick.rb:66
    /usr/lib/ruby/1.8/rubygems/custom_require.rb:31:in `gem_original_require'
    /usr/lib/ruby/1.8/rubygems/custom_require.rb:31:in `require'
    /var/lib/gems/1.8/gems/activesupport-2.2.2/lib/active_support/dependencies.rb:153:in `require'
    /var/lib/gems/1.8/gems/activesupport-2.2.2/lib/active_support/dependencies.rb:521:in `new_constants_in'
    /var/lib/gems/1.8/gems/activesupport-2.2.2/lib/active_support/dependencies.rb:153:in `require'
    /var/lib/gems/1.8/gems/rails-2.2.2/lib/commands/server.rb:49
    /usr/lib/ruby/1.8/rubygems/custom_require.rb:31:in `gem_original_require'
    /usr/lib/ruby/1.8/rubygems/custom_require.rb:31:in `require'
    ./script/server:3
    /var/lib/gems/1.8/gems/ruby-debug-ide-0.4.4/lib/ruby-debug.rb:101:in `debug_load'
    /var/lib/gems/1.8/gems/ruby-debug-ide-0.4.4/lib/ruby-debug.rb:101:in `debug_program'
    /var/lib/gems/1.8/gems/ruby-debug-ide-0.4.4/bin/rdebug-ide:82
    /var/lib/gems/1.8/bin/rdebug-ide:19:in `load'
    /var/lib/gems/1.8/bin/rdebug-ide:19

Rendering /var/lib/gems/1.8/gems/actionpack-2.2.2/lib/action_controller/templates/rescues/layout.erb (not_found)
  [4;36;1mSQL (0.1ms)[0m   [0;1mSET NAMES 'utf8'[0m
  [4;35;1mSQL (0.1ms)[0m   [0mSET SQL_AUTO_IS_NULL=0[0m


Processing ProjectsController#rules (for 127.0.0.1 at 2009-11-26 21:51:28) [POST]
  Parameters: {"commit"=>"Salvar", "rules"=>["15", "16", "17", "19", ""], "action"=>"rules", "id"=>"mestrado", "controller"=>"projects"}
  [4;36;1mSetting Columns (0.7ms)[0m   [0;1mSHOW FIELDS FROM `settings`[0m
  [4;35;1mSQL (0.1ms)[0m   [0mSELECT max(`settings`.updated_on) AS max_updated_on FROM `settings` [0m
  [4;36;1mUser Columns (0.8ms)[0m   [0;1mSHOW FIELDS FROM `users`[0m
  [4;35;1mUser Load (0.1ms)[0m   [0mSELECT * FROM `users` WHERE (`users`.`id` = 1) AND (users.status = 1) [0m
  [4;36;1mProject Columns (0.9ms)[0m   [0;1mSHOW FIELDS FROM `projects`[0m
  [4;35;1mProject Load (0.1ms)[0m   [0mSELECT * FROM `projects` WHERE (`projects`.`identifier` = 'mestrado') LIMIT 1[0m
  [4;36;1mEnabledModule Load (0.1ms)[0m   [0;1mSELECT * FROM `enabled_modules` WHERE (`enabled_modules`.project_id = 3) [0m
  [4;35;1mEnabledModule Columns (0.6ms)[0m   [0mSHOW FIELDS FROM `enabled_modules`[0m
  [4;36;1mMutualRule Columns (0.8ms)[0m   [0;1mSHOW FIELDS FROM `mutual_rules`[0m
  [4;35;1mSQL (0.3ms)[0m   [0mSELECT count(*) AS count_all FROM `mutual_rules` WHERE (rule_one_id='15' and rule_two_id in ('15','16','17','19','')) [0m
Redirected to tabrulesidProjeto do Mestradoactionsettings
Completed in 175ms (DB: 5) | 302 Found [http://localhost/projects/rules/mestrado]
  [4;36;1mSQL (0.1ms)[0m   [0;1mSET NAMES 'utf8'[0m
  [4;35;1mSQL (0.2ms)[0m   [0mSET SQL_AUTO_IS_NULL=0[0m


Processing ProjectsController#settings (for 127.0.0.1 at 2009-11-26 21:51:29) [GET]
  Parameters: {"action"=>"settings", "id"=>"mestrado", "controller"=>"projects", "tab"=>"rules"}
  [4;36;1mSetting Columns (0.8ms)[0m   [0;1mSHOW FIELDS FROM `settings`[0m
  [4;35;1mSQL (0.2ms)[0m   [0mSELECT max(`settings`.updated_on) AS max_updated_on FROM `settings` [0m
  [4;36;1mUser Columns (0.9ms)[0m   [0;1mSHOW FIELDS FROM `users`[0m
  [4;35;1mUser Load (0.1ms)[0m   [0mSELECT * FROM `users` WHERE (`users`.`id` = 1) AND (users.status = 1) [0m
  [4;36;1mProject Columns (1.0ms)[0m   [0;1mSHOW FIELDS FROM `projects`[0m
  [4;35;1mProject Load (0.1ms)[0m   [0mSELECT * FROM `projects` WHERE (`projects`.`identifier` = 'mestrado') LIMIT 1[0m
  [4;36;1mEnabledModule Load (0.3ms)[0m   [0;1mSELECT * FROM `enabled_modules` WHERE (`enabled_modules`.project_id = 3) [0m
  [4;35;1mEnabledModule Columns (0.6ms)[0m   [0mSHOW FIELDS FROM `enabled_modules`[0m
  [4;36;1mIssueCustomField Columns (0.9ms)[0m   [0;1mSHOW FIELDS FROM `custom_fields`[0m
  [4;35;1mIssueCustomField Load (0.1ms)[0m   [0mSELECT * FROM `custom_fields` WHERE ( (`custom_fields`.`type` = 'IssueCustomField' ) ) ORDER BY custom_fields.position[0m
  [4;36;1mIssueCategory Columns (0.5ms)[0m   [0;1mSHOW FIELDS FROM `issue_categories`[0m
  [4;35;1mMember Columns (0.8ms)[0m   [0mSHOW FIELDS FROM `members`[0m
  [4;36;1mTracker Load (0.1ms)[0m   [0;1mSELECT * FROM `trackers` ORDER BY position[0m
  [4;35;1mRepository Load (0.1ms)[0m   [0mSELECT * FROM `repositories` WHERE (`repositories`.project_id = 3) LIMIT 1[0m
  [4;36;1mRepository Columns (0.7ms)[0m   [0;1mSHOW FIELDS FROM `repositories`[0m
  [4;35;1mWiki Load (0.1ms)[0m   [0mSELECT * FROM `wikis` WHERE (`wikis`.project_id = 3) LIMIT 1[0m
Rendering template within layouts/base
Rendering projects/settings
  [4;36;1mProject Load (0.1ms)[0m   [0;1mSELECT * FROM `projects` WHERE (projects.status = 1) [0m
  [4;35;1mProject Load (0.1ms)[0m   [0mSELECT * FROM `projects` WHERE (projects.`lft` >= 3 AND projects.`rgt` <= 4) ORDER BY `lft`[0m
  [4;36;1mSetting Load (0.1ms)[0m   [0;1mSELECT * FROM `settings` WHERE (`settings`.`name` = 'text_formatting') LIMIT 1[0m
  [4;35;1mCustomField Load (0.2ms)[0m   [0mSELECT * FROM `custom_fields` WHERE (type = 'ProjectCustomField') ORDER BY position[0m
  [4;36;1mTracker Columns (0.7ms)[0m   [0;1mSHOW FIELDS FROM `trackers`[0m
  [4;35;1mTracker Exists (0.1ms)[0m   [0mSELECT `trackers`.id FROM `trackers` INNER JOIN `projects_trackers` ON `trackers`.id = `projects_trackers`.tracker_id WHERE (`trackers`.`id` = 13) AND (`projects_trackers`.project_id = 3 ) ORDER BY trackers.position LIMIT 1[0m
  [4;36;1mTracker Exists (0.1ms)[0m   [0;1mSELECT `trackers`.id FROM `trackers` INNER JOIN `projects_trackers` ON `trackers`.id = `projects_trackers`.tracker_id WHERE (`trackers`.`id` = 14) AND (`projects_trackers`.project_id = 3 ) ORDER BY trackers.position LIMIT 1[0m
  [4;35;1mTracker Exists (0.1ms)[0m   [0mSELECT `trackers`.id FROM `trackers` INNER JOIN `projects_trackers` ON `trackers`.id = `projects_trackers`.tracker_id WHERE (`trackers`.`id` = 15) AND (`projects_trackers`.project_id = 3 ) ORDER BY trackers.position LIMIT 1[0m
  [4;36;1mTracker Exists (0.1ms)[0m   [0;1mSELECT `trackers`.id FROM `trackers` INNER JOIN `projects_trackers` ON `trackers`.id = `projects_trackers`.tracker_id WHERE (`trackers`.`id` = 16) AND (`projects_trackers`.project_id = 3 ) ORDER BY trackers.position LIMIT 1[0m
Rendered projects/_form (22.8ms)
Rendered projects/_edit (38.3ms)
Rendered projects/settings/_modules (5.2ms)
  [4;35;1mRole Load (0.1ms)[0m   [0mSELECT * FROM `roles` WHERE (`roles`.`builtin` = 0) ORDER BY position[0m
  [4;36;1mRole Columns (0.8ms)[0m   [0;1mSHOW FIELDS FROM `roles`[0m
  [4;35;1mMember Load Including Associations (0.1ms)[0m   [0mSELECT `members`.`id` AS t0_r0, `members`.`user_id` AS t0_r1, `members`.`project_id` AS t0_r2, `members`.`created_on` AS t0_r3, `members`.`mail_notification` AS t0_r4, `roles`.`id` AS t1_r0, `roles`.`name` AS t1_r1, `roles`.`position` AS t1_r2, `roles`.`assignable` AS t1_r3, `roles`.`builtin` AS t1_r4, `roles`.`permissions` AS t1_r5, `users`.`id` AS t2_r0, `users`.`login` AS t2_r1, `users`.`hashed_password` AS t2_r2, `users`.`firstname` AS t2_r3, `users`.`lastname` AS t2_r4, `users`.`mail` AS t2_r5, `users`.`mail_notification` AS t2_r6, `users`.`admin` AS t2_r7, `users`.`status` AS t2_r8, `users`.`last_login_on` AS t2_r9, `users`.`language` AS t2_r10, `users`.`auth_source_id` AS t2_r11, `users`.`created_on` AS t2_r12, `users`.`updated_on` AS t2_r13, `users`.`type` AS t2_r14, `users`.`identity_url` AS t2_r15 FROM `members` LEFT OUTER JOIN `member_roles` ON (`members`.`id` = `member_roles`.`member_id`) LEFT OUTER JOIN `roles` ON (`roles`.`id` = `member_roles`.`role_id`) LEFT OUTER JOIN `users` ON `users`.id = `members`.user_id WHERE (`members`.project_id = 3 AND (users.status=1)) [0m
  [4;36;1mSetting Load (0.1ms)[0m   [0;1mSELECT * FROM `settings` WHERE (`settings`.`name` = 'user_format') LIMIT 1[0m
  [4;35;1mSQL (0.1ms)[0m   [0mSELECT count(*) AS count_all FROM `users` WHERE (users.status = 1) [0m
  [4;36;1mSQL (0.1ms)[0m   [0;1mSELECT count(*) AS count_all FROM `users` INNER JOIN members ON users.id = members.user_id WHERE ((`members`.project_id = 3) AND ((users.status=1))) [0m
  [4;35;1mUser Load (0.1ms)[0m   [0mSELECT * FROM `users` WHERE (users.status = 1) LIMIT 200[0m
  [4;36;1mUser Load (0.1ms)[0m   [0;1mSELECT `users`.* FROM `users` INNER JOIN members ON users.id = members.user_id WHERE ((`members`.project_id = 3) AND ((users.status=1))) [0m
Rendered projects/settings/_members (43.0ms)
  [4;35;1mVersion Columns (0.8ms)[0m   [0mSHOW FIELDS FROM `versions`[0m
  [4;36;1mSQL (0.1ms)[0m   [0;1mSELECT count(*) AS count_all FROM `versions` WHERE (`versions`.project_id = 3) [0m
  [4;35;1mVersion Load (0.1ms)[0m   [0mSELECT * FROM `versions` WHERE (`versions`.project_id = 3) ORDER BY versions.effective_date DESC, versions.name DESC[0m
Rendered projects/settings/_versions (14.8ms)
  [4;36;1mRule Load (0.1ms)[0m   [0;1mSELECT * FROM `rules` [0m
  [4;35;1mRule Load (0.1ms)[0m   [0mSELECT `rules`.id FROM `rules` INNER JOIN project_rules ON rules.id = project_rules.rule_id WHERE ((`project_rules`.project_id = 3)) [0m
  [4;36;1mRule Columns (0.7ms)[0m   [0;1mSHOW FIELDS FROM `rules`[0m
Rendered projects/settings/_rules (27.6ms)
  [4;35;1mSQL (0.1ms)[0m   [0mSELECT count(*) AS count_all FROM `issue_categories` WHERE (`issue_categories`.project_id = 3) [0m
  [4;36;1mIssueCategory Load (0.1ms)[0m   [0;1mSELECT * FROM `issue_categories` WHERE (`issue_categories`.project_id = 3) ORDER BY issue_categories.name[0m
Rendered projects/settings/_issue_categories (6.3ms)
  [4;35;1mWiki Columns (0.7ms)[0m   [0mSHOW FIELDS FROM `wikis`[0m
Rendered projects/settings/_wiki (5.8ms)
  [4;36;1mSetting Load (0.1ms)[0m   [0;1mSELECT * FROM `settings` WHERE (`settings`.`name` = 'enabled_scm') LIMIT 1[0m
  [4;35;1mRepository::Git Columns (0.8ms)[0m   [0mSHOW FIELDS FROM `repositories`[0m
Rendered projects/settings/_repository (11.4ms)
  [4;36;1mBoard Columns (0.8ms)[0m   [0;1mSHOW FIELDS FROM `boards`[0m
  [4;35;1mSQL (0.1ms)[0m   [0mSELECT count(*) AS count_all FROM `boards` WHERE (`boards`.project_id = 3) [0m
Rendered projects/settings/_boards (15.9ms)
  [4;36;1mSetting Load (0.2ms)[0m   [0;1mSELECT * FROM `settings` WHERE (`settings`.`name` = 'app_title') LIMIT 1[0m
  [4;35;1mSetting Load (0.1ms)[0m   [0mSELECT * FROM `settings` WHERE (`settings`.`name` = 'ui_theme') LIMIT 1[0m
  [4;36;1mProject Load (0.1ms)[0m   [0;1mSELECT `projects`.* FROM `projects` INNER JOIN members ON projects.id = members.project_id WHERE ((`members`.user_id = 1) AND ((projects.status=1))) [0m
Completed in 1071ms (View: 994, DB: 7) | 200 OK [http://localhost/projects/mestrado/settings/rules]
  [4;35;1mSQL (0.1ms)[0m   [0mSET NAMES 'utf8'[0m
  [4;36;1mSQL (0.1ms)[0m   [0;1mSET SQL_AUTO_IS_NULL=0[0m


Processing ApplicationController#index (for 127.0.0.1 at 2009-11-26 21:51:32) [GET]


ActionController::RoutingError (No route matches "/javascripts/jstoolbar/lang/jstoolbar-pt-BR.js" with {:method=>:get}):
    /var/lib/gems/1.8/gems/actionpack-2.2.2/lib/action_controller/routing/recognition_optimisation.rb:66:in `recognize_path'
    /var/lib/gems/1.8/gems/actionpack-2.2.2/lib/action_controller/routing/route_set.rb:386:in `recognize'
    /var/lib/gems/1.8/gems/actionpack-2.2.2/lib/action_controller/dispatcher.rb:182:in `handle_request'
    /var/lib/gems/1.8/gems/actionpack-2.2.2/lib/action_controller/dispatcher.rb:110:in `dispatch_unlocked'
    /var/lib/gems/1.8/gems/actionpack-2.2.2/lib/action_controller/dispatcher.rb:123:in `dispatch'
    /var/lib/gems/1.8/gems/actionpack-2.2.2/lib/action_controller/dispatcher.rb:122:in `synchronize'
    /var/lib/gems/1.8/gems/actionpack-2.2.2/lib/action_controller/dispatcher.rb:122:in `dispatch'
    /var/lib/gems/1.8/gems/actionpack-2.2.2/lib/action_controller/dispatcher.rb:132:in `dispatch_cgi'
    /var/lib/gems/1.8/gems/actionpack-2.2.2/lib/action_controller/dispatcher.rb:39:in `dispatch'
    /var/lib/gems/1.8/gems/rails-2.2.2/lib/webrick_server.rb:103:in `handle_dispatch'
    /var/lib/gems/1.8/gems/rails-2.2.2/lib/webrick_server.rb:74:in `service'
    /usr/lib/ruby/1.8/webrick/httpserver.rb:104:in `service'
    /usr/lib/ruby/1.8/webrick/httpserver.rb:65:in `run'
    /usr/lib/ruby/1.8/webrick/server.rb:173:in `start_thread'
    /usr/lib/ruby/1.8/webrick/server.rb:162:in `start'
    /usr/lib/ruby/1.8/webrick/server.rb:162:in `start_thread'
    /usr/lib/ruby/1.8/webrick/server.rb:95:in `start'
    /usr/lib/ruby/1.8/webrick/server.rb:92:in `each'
    /usr/lib/ruby/1.8/webrick/server.rb:92:in `start'
    /usr/lib/ruby/1.8/webrick/server.rb:23:in `start'
    /usr/lib/ruby/1.8/webrick/server.rb:82:in `start'
    /var/lib/gems/1.8/gems/rails-2.2.2/lib/webrick_server.rb:60:in `dispatch'
    /var/lib/gems/1.8/gems/rails-2.2.2/lib/commands/servers/webrick.rb:66
    /usr/lib/ruby/1.8/rubygems/custom_require.rb:31:in `gem_original_require'
    /usr/lib/ruby/1.8/rubygems/custom_require.rb:31:in `require'
    /var/lib/gems/1.8/gems/activesupport-2.2.2/lib/active_support/dependencies.rb:153:in `require'
    /var/lib/gems/1.8/gems/activesupport-2.2.2/lib/active_support/dependencies.rb:521:in `new_constants_in'
    /var/lib/gems/1.8/gems/activesupport-2.2.2/lib/active_support/dependencies.rb:153:in `require'
    /var/lib/gems/1.8/gems/rails-2.2.2/lib/commands/server.rb:49
    /usr/lib/ruby/1.8/rubygems/custom_require.rb:31:in `gem_original_require'
    /usr/lib/ruby/1.8/rubygems/custom_require.rb:31:in `require'
    ./script/server:3
    /var/lib/gems/1.8/gems/ruby-debug-ide-0.4.4/lib/ruby-debug.rb:101:in `debug_load'
    /var/lib/gems/1.8/gems/ruby-debug-ide-0.4.4/lib/ruby-debug.rb:101:in `debug_program'
    /var/lib/gems/1.8/gems/ruby-debug-ide-0.4.4/bin/rdebug-ide:82
    /var/lib/gems/1.8/bin/rdebug-ide:19:in `load'
    /var/lib/gems/1.8/bin/rdebug-ide:19

Rendering /var/lib/gems/1.8/gems/actionpack-2.2.2/lib/action_controller/templates/rescues/layout.erb (not_found)
  [4;35;1mSQL (0.1ms)[0m   [0mSET NAMES 'utf8'[0m
  [4;36;1mSQL (0.1ms)[0m   [0;1mSET SQL_AUTO_IS_NULL=0[0m


Processing ProjectsController#rules (for 127.0.0.1 at 2009-11-26 21:51:36) [POST]
  Parameters: {"commit"=>"Salvar", "rules"=>["17", ""], "action"=>"rules", "id"=>"mestrado", "controller"=>"projects"}
  [4;35;1mSetting Columns (0.8ms)[0m   [0mSHOW FIELDS FROM `settings`[0m
  [4;36;1mSQL (0.1ms)[0m   [0;1mSELECT max(`settings`.updated_on) AS max_updated_on FROM `settings` [0m
  [4;35;1mUser Columns (1.0ms)[0m   [0mSHOW FIELDS FROM `users`[0m
  [4;36;1mUser Load (0.1ms)[0m   [0;1mSELECT * FROM `users` WHERE (`users`.`id` = 1) AND (users.status = 1) [0m
  [4;35;1mProject Columns (0.9ms)[0m   [0mSHOW FIELDS FROM `projects`[0m
  [4;36;1mProject Load (0.1ms)[0m   [0;1mSELECT * FROM `projects` WHERE (`projects`.`identifier` = 'mestrado') LIMIT 1[0m
  [4;35;1mEnabledModule Load (0.2ms)[0m   [0mSELECT * FROM `enabled_modules` WHERE (`enabled_modules`.project_id = 3) [0m
  [4;36;1mEnabledModule Columns (0.6ms)[0m   [0;1mSHOW FIELDS FROM `enabled_modules`[0m
  [4;35;1mMutualRule Columns (0.7ms)[0m   [0mSHOW FIELDS FROM `mutual_rules`[0m
  [4;36;1mSQL (0.3ms)[0m   [0;1mSELECT count(*) AS count_all FROM `mutual_rules` WHERE (rule_one_id='17' and rule_two_id in ('17','')) [0m
  [4;35;1mSQL (0.2ms)[0m   [0mSELECT count(*) AS count_all FROM `mutual_rules` WHERE (rule_one_id='' and rule_two_id in ('17','')) [0m
  [4;36;1mRule Columns (0.8ms)[0m   [0;1mSHOW FIELDS FROM `rules`[0m
  [4;35;1mRule Load (0.3ms)[0m   [0mSELECT * FROM `rules` WHERE (`rules`.`id` = 17) [0m
  [4;36;1mRule Load (0.4ms)[0m   [0;1mSELECT `rules`.* FROM `rules` INNER JOIN project_rules ON rules.id = project_rules.rule_id WHERE ((`project_rules`.project_id = 3)) [0m
  [4;35;1mSQL (0.1ms)[0m   [0mBEGIN[0m
  [4;36;1mProjectRule Delete all (0.3ms)[0m   [0;1mDELETE FROM `project_rules` WHERE (`project_rules`.`project_id` = 3 AND `project_rules`.`rule_id` = 15) [0m
  [4;35;1mProjectRule Columns (0.7ms)[0m   [0mSHOW FIELDS FROM `project_rules`[0m
  [4;36;1mProjectRule Create (0.2ms)[0m   [0;1mINSERT INTO `project_rules` (`created_at`, `project_id`, `updated_at`, `rule_id`) VALUES('2009-11-26 21:51:36', 3, '2009-11-26 21:51:36', 17)[0m
  [4;35;1mSQL (42.8ms)[0m   [0mCOMMIT[0m
Redirected to tabrulesidProjeto do Mestradoactionsettings
Completed in 247ms (DB: 51) | 302 Found [http://localhost/projects/rules/mestrado]
  [4;36;1mSQL (0.1ms)[0m   [0;1mSET NAMES 'utf8'[0m
  [4;35;1mSQL (0.1ms)[0m   [0mSET SQL_AUTO_IS_NULL=0[0m


Processing ProjectsController#settings (for 127.0.0.1 at 2009-11-26 21:51:37) [GET]
  Parameters: {"action"=>"settings", "id"=>"mestrado", "controller"=>"projects", "tab"=>"rules"}
  [4;36;1mSetting Columns (0.7ms)[0m   [0;1mSHOW FIELDS FROM `settings`[0m
  [4;35;1mSQL (0.1ms)[0m   [0mSELECT max(`settings`.updated_on) AS max_updated_on FROM `settings` [0m
  [4;36;1mUser Columns (0.9ms)[0m   [0;1mSHOW FIELDS FROM `users`[0m
  [4;35;1mUser Load (0.1ms)[0m   [0mSELECT * FROM `users` WHERE (`users`.`id` = 1) AND (users.status = 1) [0m
  [4;36;1mProject Columns (0.9ms)[0m   [0;1mSHOW FIELDS FROM `projects`[0m
  [4;35;1mProject Load (0.1ms)[0m   [0mSELECT * FROM `projects` WHERE (`projects`.`identifier` = 'mestrado') LIMIT 1[0m
  [4;36;1mEnabledModule Load (4.8ms)[0m   [0;1mSELECT * FROM `enabled_modules` WHERE (`enabled_modules`.project_id = 3) [0m
  [4;35;1mEnabledModule Columns (0.6ms)[0m   [0mSHOW FIELDS FROM `enabled_modules`[0m
  [4;36;1mIssueCustomField Columns (1.0ms)[0m   [0;1mSHOW FIELDS FROM `custom_fields`[0m
  [4;35;1mIssueCustomField Load (12.8ms)[0m   [0mSELECT * FROM `custom_fields` WHERE ( (`custom_fields`.`type` = 'IssueCustomField' ) ) ORDER BY custom_fields.position[0m
  [4;36;1mIssueCategory Columns (0.7ms)[0m   [0;1mSHOW FIELDS FROM `issue_categories`[0m
  [4;35;1mMember Columns (0.8ms)[0m   [0mSHOW FIELDS FROM `members`[0m
  [4;36;1mTracker Load (0.1ms)[0m   [0;1mSELECT * FROM `trackers` ORDER BY position[0m
  [4;35;1mRepository Load (0.1ms)[0m   [0mSELECT * FROM `repositories` WHERE (`repositories`.project_id = 3) LIMIT 1[0m
  [4;36;1mRepository Columns (0.7ms)[0m   [0;1mSHOW FIELDS FROM `repositories`[0m
  [4;35;1mWiki Load (0.1ms)[0m   [0mSELECT * FROM `wikis` WHERE (`wikis`.project_id = 3) LIMIT 1[0m
Rendering template within layouts/base
Rendering projects/settings
  [4;36;1mProject Load (0.1ms)[0m   [0;1mSELECT * FROM `projects` WHERE (projects.status = 1) [0m
  [4;35;1mProject Load (0.1ms)[0m   [0mSELECT * FROM `projects` WHERE (projects.`lft` >= 3 AND projects.`rgt` <= 4) ORDER BY `lft`[0m
  [4;36;1mSetting Load (0.1ms)[0m   [0;1mSELECT * FROM `settings` WHERE (`settings`.`name` = 'text_formatting') LIMIT 1[0m
  [4;35;1mCustomField Load (0.1ms)[0m   [0mSELECT * FROM `custom_fields` WHERE (type = 'ProjectCustomField') ORDER BY position[0m
  [4;36;1mTracker Columns (0.7ms)[0m   [0;1mSHOW FIELDS FROM `trackers`[0m
  [4;35;1mTracker Exists (0.1ms)[0m   [0mSELECT `trackers`.id FROM `trackers` INNER JOIN `projects_trackers` ON `trackers`.id = `projects_trackers`.tracker_id WHERE (`trackers`.`id` = 13) AND (`projects_trackers`.project_id = 3 ) ORDER BY trackers.position LIMIT 1[0m
  [4;36;1mTracker Exists (0.1ms)[0m   [0;1mSELECT `trackers`.id FROM `trackers` INNER JOIN `projects_trackers` ON `trackers`.id = `projects_trackers`.tracker_id WHERE (`trackers`.`id` = 14) AND (`projects_trackers`.project_id = 3 ) ORDER BY trackers.position LIMIT 1[0m
  [4;35;1mTracker Exists (0.1ms)[0m   [0mSELECT `trackers`.id FROM `trackers` INNER JOIN `projects_trackers` ON `trackers`.id = `projects_trackers`.tracker_id WHERE (`trackers`.`id` = 15) AND (`projects_trackers`.project_id = 3 ) ORDER BY trackers.position LIMIT 1[0m
  [4;36;1mTracker Exists (0.1ms)[0m   [0;1mSELECT `trackers`.id FROM `trackers` INNER JOIN `projects_trackers` ON `trackers`.id = `projects_trackers`.tracker_id WHERE (`trackers`.`id` = 16) AND (`projects_trackers`.project_id = 3 ) ORDER BY trackers.position LIMIT 1[0m
Rendered projects/_form (20.1ms)
Rendered projects/_edit (35.1ms)
Rendered projects/settings/_modules (5.2ms)
  [4;35;1mRole Load (0.2ms)[0m   [0mSELECT * FROM `roles` WHERE (`roles`.`builtin` = 0) ORDER BY position[0m
  [4;36;1mRole Columns (0.8ms)[0m   [0;1mSHOW FIELDS FROM `roles`[0m
  [4;35;1mMember Load Including Associations (0.1ms)[0m   [0mSELECT `members`.`id` AS t0_r0, `members`.`user_id` AS t0_r1, `members`.`project_id` AS t0_r2, `members`.`created_on` AS t0_r3, `members`.`mail_notification` AS t0_r4, `roles`.`id` AS t1_r0, `roles`.`name` AS t1_r1, `roles`.`position` AS t1_r2, `roles`.`assignable` AS t1_r3, `roles`.`builtin` AS t1_r4, `roles`.`permissions` AS t1_r5, `users`.`id` AS t2_r0, `users`.`login` AS t2_r1, `users`.`hashed_password` AS t2_r2, `users`.`firstname` AS t2_r3, `users`.`lastname` AS t2_r4, `users`.`mail` AS t2_r5, `users`.`mail_notification` AS t2_r6, `users`.`admin` AS t2_r7, `users`.`status` AS t2_r8, `users`.`last_login_on` AS t2_r9, `users`.`language` AS t2_r10, `users`.`auth_source_id` AS t2_r11, `users`.`created_on` AS t2_r12, `users`.`updated_on` AS t2_r13, `users`.`type` AS t2_r14, `users`.`identity_url` AS t2_r15 FROM `members` LEFT OUTER JOIN `member_roles` ON (`members`.`id` = `member_roles`.`member_id`) LEFT OUTER JOIN `roles` ON (`roles`.`id` = `member_roles`.`role_id`) LEFT OUTER JOIN `users` ON `users`.id = `members`.user_id WHERE (`members`.project_id = 3 AND (users.status=1)) [0m
  [4;36;1mSetting Load (0.2ms)[0m   [0;1mSELECT * FROM `settings` WHERE (`settings`.`name` = 'user_format') LIMIT 1[0m
  [4;35;1mSQL (0.1ms)[0m   [0mSELECT count(*) AS count_all FROM `users` WHERE (users.status = 1) [0m
  [4;36;1mSQL (0.1ms)[0m   [0;1mSELECT count(*) AS count_all FROM `users` INNER JOIN members ON users.id = members.user_id WHERE ((`members`.project_id = 3) AND ((users.status=1))) [0m
  [4;35;1mUser Load (0.1ms)[0m   [0mSELECT * FROM `users` WHERE (users.status = 1) LIMIT 200[0m
  [4;36;1mUser Load (0.1ms)[0m   [0;1mSELECT `users`.* FROM `users` INNER JOIN members ON users.id = members.user_id WHERE ((`members`.project_id = 3) AND ((users.status=1))) [0m
Rendered projects/settings/_members (44.5ms)
  [4;35;1mVersion Columns (0.8ms)[0m   [0mSHOW FIELDS FROM `versions`[0m
  [4;36;1mSQL (0.1ms)[0m   [0;1mSELECT count(*) AS count_all FROM `versions` WHERE (`versions`.project_id = 3) [0m
  [4;35;1mVersion Load (0.1ms)[0m   [0mSELECT * FROM `versions` WHERE (`versions`.project_id = 3) ORDER BY versions.effective_date DESC, versions.name DESC[0m
Rendered projects/settings/_versions (14.0ms)
  [4;36;1mRule Load (0.2ms)[0m   [0;1mSELECT * FROM `rules` [0m
  [4;35;1mRule Load (0.4ms)[0m   [0mSELECT `rules`.id FROM `rules` INNER JOIN project_rules ON rules.id = project_rules.rule_id WHERE ((`project_rules`.project_id = 3)) [0m
  [4;36;1mRule Columns (2.3ms)[0m   [0;1mSHOW FIELDS FROM `rules`[0m
Rendered projects/settings/_rules (150.8ms)
  [4;35;1mSQL (0.2ms)[0m   [0mSELECT count(*) AS count_all FROM `issue_categories` WHERE (`issue_categories`.project_id = 3) [0m
  [4;36;1mIssueCategory Load (0.1ms)[0m   [0;1mSELECT * FROM `issue_categories` WHERE (`issue_categories`.project_id = 3) ORDER BY issue_categories.name[0m
Rendered projects/settings/_issue_categories (6.4ms)
  [4;35;1mWiki Columns (1.1ms)[0m   [0mSHOW FIELDS FROM `wikis`[0m
Rendered projects/settings/_wiki (6.2ms)
  [4;36;1mSetting Load (0.1ms)[0m   [0;1mSELECT * FROM `settings` WHERE (`settings`.`name` = 'enabled_scm') LIMIT 1[0m
  [4;35;1mRepository::Git Columns (0.9ms)[0m   [0mSHOW FIELDS FROM `repositories`[0m
Rendered projects/settings/_repository (12.2ms)
  [4;36;1mBoard Columns (0.8ms)[0m   [0;1mSHOW FIELDS FROM `boards`[0m
  [4;35;1mSQL (0.1ms)[0m   [0mSELECT count(*) AS count_all FROM `boards` WHERE (`boards`.project_id = 3) [0m
Rendered projects/settings/_boards (15.1ms)
  [4;36;1mSetting Load (0.1ms)[0m   [0;1mSELECT * FROM `settings` WHERE (`settings`.`name` = 'app_title') LIMIT 1[0m
  [4;35;1mSetting Load (0.1ms)[0m   [0mSELECT * FROM `settings` WHERE (`settings`.`name` = 'ui_theme') LIMIT 1[0m
  [4;36;1mProject Load (0.1ms)[0m   [0;1mSELECT `projects`.* FROM `projects` INNER JOIN members ON projects.id = members.project_id WHERE ((`members`.user_id = 1) AND ((projects.status=1))) [0m
Completed in 1101ms (View: 891, DB: 25) | 200 OK [http://localhost/projects/mestrado/settings/rules]
  [4;35;1mSQL (0.1ms)[0m   [0mSET NAMES 'utf8'[0m
  [4;36;1mSQL (0.3ms)[0m   [0;1mSET SQL_AUTO_IS_NULL=0[0m


Processing ApplicationController#index (for 127.0.0.1 at 2009-11-26 21:51:39) [GET]


ActionController::RoutingError (No route matches "/javascripts/jstoolbar/lang/jstoolbar-pt-BR.js" with {:method=>:get}):
    /var/lib/gems/1.8/gems/actionpack-2.2.2/lib/action_controller/routing/recognition_optimisation.rb:66:in `recognize_path'
    /var/lib/gems/1.8/gems/actionpack-2.2.2/lib/action_controller/routing/route_set.rb:386:in `recognize'
    /var/lib/gems/1.8/gems/actionpack-2.2.2/lib/action_controller/dispatcher.rb:182:in `handle_request'
    /var/lib/gems/1.8/gems/actionpack-2.2.2/lib/action_controller/dispatcher.rb:110:in `dispatch_unlocked'
    /var/lib/gems/1.8/gems/actionpack-2.2.2/lib/action_controller/dispatcher.rb:123:in `dispatch'
    /var/lib/gems/1.8/gems/actionpack-2.2.2/lib/action_controller/dispatcher.rb:122:in `synchronize'
    /var/lib/gems/1.8/gems/actionpack-2.2.2/lib/action_controller/dispatcher.rb:122:in `dispatch'
    /var/lib/gems/1.8/gems/actionpack-2.2.2/lib/action_controller/dispatcher.rb:132:in `dispatch_cgi'
    /var/lib/gems/1.8/gems/actionpack-2.2.2/lib/action_controller/dispatcher.rb:39:in `dispatch'
    /var/lib/gems/1.8/gems/rails-2.2.2/lib/webrick_server.rb:103:in `handle_dispatch'
    /var/lib/gems/1.8/gems/rails-2.2.2/lib/webrick_server.rb:74:in `service'
    /usr/lib/ruby/1.8/webrick/httpserver.rb:104:in `service'
    /usr/lib/ruby/1.8/webrick/httpserver.rb:65:in `run'
    /usr/lib/ruby/1.8/webrick/server.rb:173:in `start_thread'
    /usr/lib/ruby/1.8/webrick/server.rb:162:in `start'
    /usr/lib/ruby/1.8/webrick/server.rb:162:in `start_thread'
    /usr/lib/ruby/1.8/webrick/server.rb:95:in `start'
    /usr/lib/ruby/1.8/webrick/server.rb:92:in `each'
    /usr/lib/ruby/1.8/webrick/server.rb:92:in `start'
    /usr/lib/ruby/1.8/webrick/server.rb:23:in `start'
    /usr/lib/ruby/1.8/webrick/server.rb:82:in `start'
    /var/lib/gems/1.8/gems/rails-2.2.2/lib/webrick_server.rb:60:in `dispatch'
    /var/lib/gems/1.8/gems/rails-2.2.2/lib/commands/servers/webrick.rb:66
    /usr/lib/ruby/1.8/rubygems/custom_require.rb:31:in `gem_original_require'
    /usr/lib/ruby/1.8/rubygems/custom_require.rb:31:in `require'
    /var/lib/gems/1.8/gems/activesupport-2.2.2/lib/active_support/dependencies.rb:153:in `require'
    /var/lib/gems/1.8/gems/activesupport-2.2.2/lib/active_support/dependencies.rb:521:in `new_constants_in'
    /var/lib/gems/1.8/gems/activesupport-2.2.2/lib/active_support/dependencies.rb:153:in `require'
    /var/lib/gems/1.8/gems/rails-2.2.2/lib/commands/server.rb:49
    /usr/lib/ruby/1.8/rubygems/custom_require.rb:31:in `gem_original_require'
    /usr/lib/ruby/1.8/rubygems/custom_require.rb:31:in `require'
    ./script/server:3
    /var/lib/gems/1.8/gems/ruby-debug-ide-0.4.4/lib/ruby-debug.rb:101:in `debug_load'
    /var/lib/gems/1.8/gems/ruby-debug-ide-0.4.4/lib/ruby-debug.rb:101:in `debug_program'
    /var/lib/gems/1.8/gems/ruby-debug-ide-0.4.4/bin/rdebug-ide:82
    /var/lib/gems/1.8/bin/rdebug-ide:19:in `load'
    /var/lib/gems/1.8/bin/rdebug-ide:19

Rendering /var/lib/gems/1.8/gems/actionpack-2.2.2/lib/action_controller/templates/rescues/layout.erb (not_found)
